<?xml version="1.0" encoding="UTF-8"?>
<testsuite xmlns:xsi="http://www.w3.org/2001/XMLSchema-instance" xsi:noNamespaceSchemaLocation="https://maven.apache.org/surefire/maven-surefire-plugin/xsd/surefire-test-report-3.0.xsd" version="3.0" name="org.folio.sample.integration.api.health.OkapiHealthTest" time="10.873" tests="1" errors="0" skipped="0" failures="0">
  <properties>
    <property name="java.specification.version" value="17"/>
    <property name="sun.jnu.encoding" value="UTF-8"/>
    <property name="java.class.path" value="/Users/novercash/.m2/repository/org/apache/maven/surefire/surefire-booter/3.0.0-M5/surefire-booter-3.0.0-M5.jar:/Users/novercash/.m2/repository/org/apache/maven/surefire/surefire-api/3.0.0-M5/surefire-api-3.0.0-M5.jar:/Users/novercash/.m2/repository/org/apache/maven/surefire/surefire-logger-api/3.0.0-M5/surefire-logger-api-3.0.0-M5.jar:/Users/novercash/.m2/repository/org/apache/maven/surefire/surefire-shared-utils/3.0.0-M4/surefire-shared-utils-3.0.0-M4.jar:/Users/novercash/.m2/repository/org/apache/maven/surefire/surefire-extensions-spi/3.0.0-M5/surefire-extensions-spi-3.0.0-M5.jar:/Users/novercash/folio/folio-training-backend/target/test-classes:/Users/novercash/folio/folio-training-backend/target/classes:/Users/novercash/.m2/repository/org/folio/folio-spring-base/6.0.1/folio-spring-base-6.0.1.jar:/Users/novercash/.m2/repository/org/springframework/boot/spring-boot-properties-migrator/3.0.2/spring-boot-properties-migrator-3.0.2.jar:/Users/novercash/.m2/repository/org/springframework/boot/spring-boot/3.0.2/spring-boot-3.0.2.jar:/Users/novercash/.m2/repository/org/springframework/boot/spring-boot-configuration-metadata/3.0.2/spring-boot-configuration-metadata-3.0.2.jar:/Users/novercash/.m2/repository/org/springframework/boot/spring-boot-starter-data-jpa/3.0.2/spring-boot-starter-data-jpa-3.0.2.jar:/Users/novercash/.m2/repository/org/springframework/boot/spring-boot-starter-aop/3.0.2/spring-boot-starter-aop-3.0.2.jar:/Users/novercash/.m2/repository/org/aspectj/aspectjweaver/1.9.19/aspectjweaver-1.9.19.jar:/Users/novercash/.m2/repository/org/springframework/boot/spring-boot-starter-jdbc/3.0.2/spring-boot-starter-jdbc-3.0.2.jar:/Users/novercash/.m2/repository/com/zaxxer/HikariCP/5.0.1/HikariCP-5.0.1.jar:/Users/novercash/.m2/repository/org/springframework/spring-jdbc/6.0.4/spring-jdbc-6.0.4.jar:/Users/novercash/.m2/repository/org/hibernate/orm/hibernate-core/6.1.6.Final/hibernate-core-6.1.6.Final.jar:/Users/novercash/.m2/repository/jakarta/persistence/jakarta.persistence-api/3.1.0/jakarta.persistence-api-3.1.0.jar:/Users/novercash/.m2/repository/jakarta/transaction/jakarta.transaction-api/2.0.1/jakarta.transaction-api-2.0.1.jar:/Users/novercash/.m2/repository/org/hibernate/common/hibernate-commons-annotations/6.0.2.Final/hibernate-commons-annotations-6.0.2.Final.jar:/Users/novercash/.m2/repository/org/jboss/jandex/2.4.2.Final/jandex-2.4.2.Final.jar:/Users/novercash/.m2/repository/org/glassfish/jaxb/jaxb-runtime/4.0.1/jaxb-runtime-4.0.1.jar:/Users/novercash/.m2/repository/org/glassfish/jaxb/jaxb-core/4.0.1/jaxb-core-4.0.1.jar:/Users/novercash/.m2/repository/org/eclipse/angus/angus-activation/1.0.0/angus-activation-1.0.0.jar:/Users/novercash/.m2/repository/org/glassfish/jaxb/txw2/4.0.1/txw2-4.0.1.jar:/Users/novercash/.m2/repository/com/sun/istack/istack-commons-runtime/4.1.1/istack-commons-runtime-4.1.1.jar:/Users/novercash/.m2/repository/jakarta/inject/jakarta.inject-api/2.0.0/jakarta.inject-api-2.0.0.jar:/Users/novercash/.m2/repository/org/antlr/antlr4-runtime/4.10.1/antlr4-runtime-4.10.1.jar:/Users/novercash/.m2/repository/org/springframework/data/spring-data-jpa/3.0.1/spring-data-jpa-3.0.1.jar:/Users/novercash/.m2/repository/org/springframework/data/spring-data-commons/3.0.1/spring-data-commons-3.0.1.jar:/Users/novercash/.m2/repository/org/springframework/spring-orm/6.0.4/spring-orm-6.0.4.jar:/Users/novercash/.m2/repository/org/springframework/spring-tx/6.0.4/spring-tx-6.0.4.jar:/Users/novercash/.m2/repository/org/springframework/spring-aspects/6.0.4/spring-aspects-6.0.4.jar:/Users/novercash/.m2/repository/org/springframework/boot/spring-boot-starter-web/3.0.2/spring-boot-starter-web-3.0.2.jar:/Users/novercash/.m2/repository/org/springframework/boot/spring-boot-starter-json/3.0.2/spring-boot-starter-json-3.0.2.jar:/Users/novercash/.m2/repository/com/fasterxml/jackson/module/jackson-module-parameter-names/2.14.1/jackson-module-parameter-names-2.14.1.jar:/Users/novercash/.m2/repository/org/springframework/boot/spring-boot-starter-tomcat/3.0.2/spring-boot-starter-tomcat-3.0.2.jar:/Users/novercash/.m2/repository/org/apache/tomcat/embed/tomcat-embed-core/10.1.5/tomcat-embed-core-10.1.5.jar:/Users/novercash/.m2/repository/org/apache/tomcat/embed/tomcat-embed-websocket/10.1.5/tomcat-embed-websocket-10.1.5.jar:/Users/novercash/.m2/repository/org/springframework/spring-web/6.0.4/spring-web-6.0.4.jar:/Users/novercash/.m2/repository/org/springframework/spring-webmvc/6.0.4/spring-webmvc-6.0.4.jar:/Users/novercash/.m2/repository/org/springframework/boot/spring-boot-starter-log4j2/3.0.2/spring-boot-starter-log4j2-3.0.2.jar:/Users/novercash/.m2/repository/org/apache/logging/log4j/log4j-slf4j2-impl/2.19.0/log4j-slf4j2-impl-2.19.0.jar:/Users/novercash/.m2/repository/org/apache/logging/log4j/log4j-api/2.19.0/log4j-api-2.19.0.jar:/Users/novercash/.m2/repository/org/apache/logging/log4j/log4j-core/2.19.0/log4j-core-2.19.0.jar:/Users/novercash/.m2/repository/org/apache/logging/log4j/log4j-jul/2.19.0/log4j-jul-2.19.0.jar:/Users/novercash/.m2/repository/org/springframework/cloud/spring-cloud-starter-openfeign/4.0.0/spring-cloud-starter-openfeign-4.0.0.jar:/Users/novercash/.m2/repository/org/springframework/cloud/spring-cloud-starter/4.0.0/spring-cloud-starter-4.0.0.jar:/Users/novercash/.m2/repository/org/springframework/cloud/spring-cloud-context/4.0.0/spring-cloud-context-4.0.0.jar:/Users/novercash/.m2/repository/org/springframework/security/spring-security-rsa/1.0.11.RELEASE/spring-security-rsa-1.0.11.RELEASE.jar:/Users/novercash/.m2/repository/org/bouncycastle/bcpkix-jdk15on/1.69/bcpkix-jdk15on-1.69.jar:/Users/novercash/.m2/repository/org/bouncycastle/bcprov-jdk15on/1.69/bcprov-jdk15on-1.69.jar:/Users/novercash/.m2/repository/org/bouncycastle/bcutil-jdk15on/1.69/bcutil-jdk15on-1.69.jar:/Users/novercash/.m2/repository/org/springframework/cloud/spring-cloud-openfeign-core/4.0.0/spring-cloud-openfeign-core-4.0.0.jar:/Users/novercash/.m2/repository/io/github/openfeign/form/feign-form-spring/3.8.0/feign-form-spring-3.8.0.jar:/Users/novercash/.m2/repository/io/github/openfeign/form/feign-form/3.8.0/feign-form-3.8.0.jar:/Users/novercash/.m2/repository/commons-fileupload/commons-fileupload/1.4/commons-fileupload-1.4.jar:/Users/novercash/.m2/repository/org/springframework/cloud/spring-cloud-commons/4.0.0/spring-cloud-commons-4.0.0.jar:/Users/novercash/.m2/repository/org/springframework/security/spring-security-crypto/6.0.1/spring-security-crypto-6.0.1.jar:/Users/novercash/.m2/repository/io/github/openfeign/feign-core/12.1/feign-core-12.1.jar:/Users/novercash/.m2/repository/io/github/openfeign/feign-slf4j/12.1/feign-slf4j-12.1.jar:/Users/novercash/.m2/repository/org/apache/commons/commons-lang3/3.12.0/commons-lang3-3.12.0.jar:/Users/novercash/.m2/repository/org/liquibase/liquibase-core/4.17.2/liquibase-core-4.17.2.jar:/Users/novercash/.m2/repository/javax/xml/bind/jaxb-api/2.3.1/jaxb-api-2.3.1.jar:/Users/novercash/.m2/repository/javax/activation/javax.activation-api/1.2.0/javax.activation-api-1.2.0.jar:/Users/novercash/.m2/repository/org/yaml/snakeyaml/1.33/snakeyaml-1.33.jar:/Users/novercash/.m2/repository/com/opencsv/opencsv/5.7.1/opencsv-5.7.1.jar:/Users/novercash/.m2/repository/org/apache/commons/commons-collections4/4.4/commons-collections4-4.4.jar:/Users/novercash/.m2/repository/io/github/openfeign/feign-okhttp/12.1/feign-okhttp-12.1.jar:/Users/novercash/.m2/repository/com/squareup/okhttp3/okhttp/4.10.0/okhttp-4.10.0.jar:/Users/novercash/.m2/repository/com/squareup/okio/okio-jvm/3.0.0/okio-jvm-3.0.0.jar:/Users/novercash/.m2/repository/org/jetbrains/kotlin/kotlin-stdlib-jdk8/1.7.22/kotlin-stdlib-jdk8-1.7.22.jar:/Users/novercash/.m2/repository/org/jetbrains/kotlin/kotlin-stdlib-jdk7/1.7.22/kotlin-stdlib-jdk7-1.7.22.jar:/Users/novercash/.m2/repository/org/jetbrains/kotlin/kotlin-stdlib-common/1.7.22/kotlin-stdlib-common-1.7.22.jar:/Users/novercash/.m2/repository/org/jetbrains/kotlin/kotlin-stdlib/1.7.22/kotlin-stdlib-1.7.22.jar:/Users/novercash/.m2/repository/org/jetbrains/annotations/13.0/annotations-13.0.jar:/Users/novercash/.m2/repository/org/folio/cql2pgjson/35.0.4/cql2pgjson-35.0.4.jar:/Users/novercash/.m2/repository/org/folio/dbschema/35.0.4/dbschema-35.0.4.jar:/Users/novercash/.m2/repository/org/z3950/zing/cql-java/1.13/cql-java-1.13.jar:/Users/novercash/.m2/repository/org/openapitools/openapi-generator/6.2.1/openapi-generator-6.2.1.jar:/Users/novercash/.m2/repository/io/swagger/parser/v3/swagger-parser/2.1.6/swagger-parser-2.1.6.jar:/Users/novercash/.m2/repository/io/swagger/parser/v3/swagger-parser-v2-converter/2.1.6/swagger-parser-v2-converter-2.1.6.jar:/Users/novercash/.m2/repository/io/swagger/swagger-core/1.6.8/swagger-core-1.6.8.jar:/Users/novercash/.m2/repository/io/swagger/swagger-models/1.6.8/swagger-models-1.6.8.jar:/Users/novercash/.m2/repository/io/swagger/swagger-annotations/1.6.8/swagger-annotations-1.6.8.jar:/Users/novercash/.m2/repository/javax/validation/validation-api/1.1.0.Final/validation-api-1.1.0.Final.jar:/Users/novercash/.m2/repository/io/swagger/swagger-parser/1.0.63/swagger-parser-1.0.63.jar:/Users/novercash/.m2/repository/io/swagger/swagger-compat-spec-parser/1.0.63/swagger-compat-spec-parser-1.0.63.jar:/Users/novercash/.m2/repository/com/github/java-json-tools/json-patch/1.13/json-patch-1.13.jar:/Users/novercash/.m2/repository/io/swagger/core/v3/swagger-models/2.2.4/swagger-models-2.2.4.jar:/Users/novercash/.m2/repository/io/swagger/parser/v3/swagger-parser-core/2.1.6/swagger-parser-core-2.1.6.jar:/Users/novercash/.m2/repository/io/swagger/parser/v3/swagger-parser-v3/2.1.6/swagger-parser-v3-2.1.6.jar:/Users/novercash/.m2/repository/io/swagger/core/v3/swagger-core/2.2.4/swagger-core-2.2.4.jar:/Users/novercash/.m2/repository/io/swagger/core/v3/swagger-annotations/2.2.4/swagger-annotations-2.2.4.jar:/Users/novercash/.m2/repository/com/fasterxml/jackson/dataformat/jackson-dataformat-yaml/2.14.1/jackson-dataformat-yaml-2.14.1.jar:/Users/novercash/.m2/repository/com/samskivert/jmustache/1.15/jmustache-1.15.jar:/Users/novercash/.m2/repository/com/github/jknack/handlebars/4.2.1/handlebars-4.2.1.jar:/Users/novercash/.m2/repository/com/github/jknack/handlebars-jackson2/4.2.1/handlebars-jackson2-4.2.1.jar:/Users/novercash/.m2/repository/commons-io/commons-io/2.11.0/commons-io-2.11.0.jar:/Users/novercash/.m2/repository/org/slf4j/slf4j-ext/2.0.6/slf4j-ext-2.0.6.jar:/Users/novercash/.m2/repository/org/slf4j/slf4j-api/2.0.6/slf4j-api-2.0.6.jar:/Users/novercash/.m2/repository/org/apache/commons/commons-text/1.10.0/commons-text-1.10.0.jar:/Users/novercash/.m2/repository/commons-cli/commons-cli/1.4/commons-cli-1.4.jar:/Users/novercash/.m2/repository/com/google/guava/guava/30.1.1-jre/guava-30.1.1-jre.jar:/Users/novercash/.m2/repository/com/google/guava/failureaccess/1.0.1/failureaccess-1.0.1.jar:/Users/novercash/.m2/repository/com/google/guava/listenablefuture/9999.0-empty-to-avoid-conflict-with-guava/listenablefuture-9999.0-empty-to-avoid-conflict-with-guava.jar:/Users/novercash/.m2/repository/com/google/errorprone/error_prone_annotations/2.5.1/error_prone_annotations-2.5.1.jar:/Users/novercash/.m2/repository/com/google/j2objc/j2objc-annotations/1.3/j2objc-annotations-1.3.jar:/Users/novercash/.m2/repository/com/fasterxml/jackson/datatype/jackson-datatype-guava/2.14.1/jackson-datatype-guava-2.14.1.jar:/Users/novercash/.m2/repository/com/atlassian/commonmark/commonmark/0.11.0/commonmark-0.11.0.jar:/Users/novercash/.m2/repository/com/github/mifmif/generex/1.0.2/generex-1.0.2.jar:/Users/novercash/.m2/repository/dk/brics/automaton/automaton/1.11-8/automaton-1.11-8.jar:/Users/novercash/.m2/repository/com/github/curious-odd-man/rgxgen/1.3/rgxgen-1.3.jar:/Users/novercash/.m2/repository/com/fasterxml/jackson/datatype/jackson-datatype-joda/2.14.1/jackson-datatype-joda-2.14.1.jar:/Users/novercash/.m2/repository/joda-time/joda-time/2.10.8/joda-time-2.10.8.jar:/Users/novercash/.m2/repository/com/github/joschi/jackson/jackson-datatype-threetenbp/2.10.0/jackson-datatype-threetenbp-2.10.0.jar:/Users/novercash/.m2/repository/org/threeten/threetenbp/1.4.0/threetenbp-1.4.0.jar:/Users/novercash/.m2/repository/org/openapitools/openapi-generator-core/6.2.1/openapi-generator-core-6.2.1.jar:/Users/novercash/.m2/repository/net/java/dev/jna/jna/5.5.0/jna-5.5.0.jar:/Users/novercash/.m2/repository/com/github/ben-manes/caffeine/caffeine/3.1.2/caffeine-3.1.2.jar:/Users/novercash/.m2/repository/org/openapitools/openapi-generator-maven-plugin/6.2.1/openapi-generator-maven-plugin-6.2.1.jar:/Users/novercash/.m2/repository/org/sonatype/plexus/plexus-build-api/0.0.7/plexus-build-api-0.0.7.jar:/Users/novercash/.m2/repository/org/apache/maven/maven-core/3.8.5/maven-core-3.8.5.jar:/Users/novercash/.m2/repository/org/apache/maven/maven-builder-support/3.8.5/maven-builder-support-3.8.5.jar:/Users/novercash/.m2/repository/org/apache/maven/resolver/maven-resolver-spi/1.6.3/maven-resolver-spi-1.6.3.jar:/Users/novercash/.m2/repository/org/apache/maven/shared/maven-shared-utils/3.3.4/maven-shared-utils-3.3.4.jar:/Users/novercash/.m2/repository/org/eclipse/sisu/org.eclipse.sisu.inject/0.3.5/org.eclipse.sisu.inject-0.3.5.jar:/Users/novercash/.m2/repository/com/google/inject/guice/4.2.2/guice-4.2.2-no_aop.jar:/Users/novercash/.m2/repository/aopalliance/aopalliance/1.0/aopalliance-1.0.jar:/Users/novercash/.m2/repository/javax/inject/javax.inject/1/javax.inject-1.jar:/Users/novercash/.m2/repository/org/codehaus/plexus/plexus-classworlds/2.6.0/plexus-classworlds-2.6.0.jar:/Users/novercash/.m2/repository/org/apache/maven/maven-plugin-api/3.8.5/maven-plugin-api-3.8.5.jar:/Users/novercash/.m2/repository/org/apache/maven/plugin-tools/maven-plugin-annotations/3.6.4/maven-plugin-annotations-3.6.4.jar:/Users/novercash/.m2/repository/org/apache/maven/maven-compat/3.8.7/maven-compat-3.8.7.jar:/Users/novercash/.m2/repository/org/apache/maven/maven-model/3.8.7/maven-model-3.8.7.jar:/Users/novercash/.m2/repository/org/apache/maven/maven-model-builder/3.8.7/maven-model-builder-3.8.7.jar:/Users/novercash/.m2/repository/org/apache/maven/maven-settings/3.8.7/maven-settings-3.8.7.jar:/Users/novercash/.m2/repository/org/apache/maven/maven-settings-builder/3.8.7/maven-settings-builder-3.8.7.jar:/Users/novercash/.m2/repository/org/codehaus/plexus/plexus-sec-dispatcher/2.0/plexus-sec-dispatcher-2.0.jar:/Users/novercash/.m2/repository/org/codehaus/plexus/plexus-cipher/2.0/plexus-cipher-2.0.jar:/Users/novercash/.m2/repository/org/apache/maven/maven-artifact/3.8.7/maven-artifact-3.8.7.jar:/Users/novercash/.m2/repository/org/apache/maven/maven-resolver-provider/3.8.7/maven-resolver-provider-3.8.7.jar:/Users/novercash/.m2/repository/org/apache/maven/maven-repository-metadata/3.8.7/maven-repository-metadata-3.8.7.jar:/Users/novercash/.m2/repository/org/apache/maven/resolver/maven-resolver-api/1.6.3/maven-resolver-api-1.6.3.jar:/Users/novercash/.m2/repository/org/apache/maven/resolver/maven-resolver-util/1.6.3/maven-resolver-util-1.6.3.jar:/Users/novercash/.m2/repository/org/apache/maven/resolver/maven-resolver-impl/1.6.3/maven-resolver-impl-1.6.3.jar:/Users/novercash/.m2/repository/org/codehaus/plexus/plexus-utils/3.3.1/plexus-utils-3.3.1.jar:/Users/novercash/.m2/repository/org/codehaus/plexus/plexus-interpolation/1.26/plexus-interpolation-1.26.jar:/Users/novercash/.m2/repository/org/eclipse/sisu/org.eclipse.sisu.plexus/0.3.5/org.eclipse.sisu.plexus-0.3.5.jar:/Users/novercash/.m2/repository/javax/annotation/javax.annotation-api/1.2/javax.annotation-api-1.2.jar:/Users/novercash/.m2/repository/org/codehaus/plexus/plexus-component-annotations/2.1.0/plexus-component-annotations-2.1.0.jar:/Users/novercash/.m2/repository/org/apache/maven/wagon/wagon-provider-api/3.5.3/wagon-provider-api-3.5.3.jar:/Users/novercash/.m2/repository/org/openapitools/jackson-databind-nullable/0.2.4/jackson-databind-nullable-0.2.4.jar:/Users/novercash/.m2/repository/org/mozilla/rhino/1.7.14/rhino-1.7.14.jar:/Users/novercash/.m2/repository/org/springframework/boot/spring-boot-starter-actuator/3.0.2/spring-boot-starter-actuator-3.0.2.jar:/Users/novercash/.m2/repository/org/springframework/boot/spring-boot-starter/3.0.2/spring-boot-starter-3.0.2.jar:/Users/novercash/.m2/repository/org/springframework/boot/spring-boot-autoconfigure/3.0.2/spring-boot-autoconfigure-3.0.2.jar:/Users/novercash/.m2/repository/jakarta/annotation/jakarta.annotation-api/2.1.1/jakarta.annotation-api-2.1.1.jar:/Users/novercash/.m2/repository/org/springframework/boot/spring-boot-actuator-autoconfigure/3.0.2/spring-boot-actuator-autoconfigure-3.0.2.jar:/Users/novercash/.m2/repository/org/springframework/boot/spring-boot-actuator/3.0.2/spring-boot-actuator-3.0.2.jar:/Users/novercash/.m2/repository/io/micrometer/micrometer-observation/1.10.3/micrometer-observation-1.10.3.jar:/Users/novercash/.m2/repository/io/micrometer/micrometer-commons/1.10.3/micrometer-commons-1.10.3.jar:/Users/novercash/.m2/repository/io/micrometer/micrometer-core/1.10.3/micrometer-core-1.10.3.jar:/Users/novercash/.m2/repository/org/hdrhistogram/HdrHistogram/2.1.12/HdrHistogram-2.1.12.jar:/Users/novercash/.m2/repository/org/latencyutils/LatencyUtils/2.0.3/LatencyUtils-2.0.3.jar:/Users/novercash/.m2/repository/org/springframework/boot/spring-boot-starter-validation/3.0.2/spring-boot-starter-validation-3.0.2.jar:/Users/novercash/.m2/repository/org/apache/tomcat/embed/tomcat-embed-el/10.1.5/tomcat-embed-el-10.1.5.jar:/Users/novercash/.m2/repository/org/hibernate/validator/hibernate-validator/8.0.0.Final/hibernate-validator-8.0.0.Final.jar:/Users/novercash/.m2/repository/jakarta/validation/jakarta.validation-api/3.0.2/jakarta.validation-api-3.0.2.jar:/Users/novercash/.m2/repository/org/jboss/logging/jboss-logging/3.5.0.Final/jboss-logging-3.5.0.Final.jar:/Users/novercash/.m2/repository/com/fasterxml/classmate/1.5.1/classmate-1.5.1.jar:/Users/novercash/.m2/repository/com/ibm/icu/icu4j/72.1/icu4j-72.1.jar:/Users/novercash/.m2/repository/org/springframework/boot/spring-boot-starter-test/3.0.2/spring-boot-starter-test-3.0.2.jar:/Users/novercash/.m2/repository/org/springframework/boot/spring-boot-test/3.0.2/spring-boot-test-3.0.2.jar:/Users/novercash/.m2/repository/org/springframework/boot/spring-boot-test-autoconfigure/3.0.2/spring-boot-test-autoconfigure-3.0.2.jar:/Users/novercash/.m2/repository/com/jayway/jsonpath/json-path/2.7.0/json-path-2.7.0.jar:/Users/novercash/.m2/repository/net/minidev/json-smart/2.4.8/json-smart-2.4.8.jar:/Users/novercash/.m2/repository/net/minidev/accessors-smart/2.4.8/accessors-smart-2.4.8.jar:/Users/novercash/.m2/repository/org/ow2/asm/asm/9.1/asm-9.1.jar:/Users/novercash/.m2/repository/jakarta/xml/bind/jakarta.xml.bind-api/4.0.0/jakarta.xml.bind-api-4.0.0.jar:/Users/novercash/.m2/repository/jakarta/activation/jakarta.activation-api/2.1.1/jakarta.activation-api-2.1.1.jar:/Users/novercash/.m2/repository/org/assertj/assertj-core/3.23.1/assertj-core-3.23.1.jar:/Users/novercash/.m2/repository/net/bytebuddy/byte-buddy/1.12.22/byte-buddy-1.12.22.jar:/Users/novercash/.m2/repository/org/hamcrest/hamcrest/2.2/hamcrest-2.2.jar:/Users/novercash/.m2/repository/org/junit/jupiter/junit-jupiter/5.9.2/junit-jupiter-5.9.2.jar:/Users/novercash/.m2/repository/org/junit/jupiter/junit-jupiter-api/5.9.2/junit-jupiter-api-5.9.2.jar:/Users/novercash/.m2/repository/org/opentest4j/opentest4j/1.2.0/opentest4j-1.2.0.jar:/Users/novercash/.m2/repository/org/junit/platform/junit-platform-commons/1.9.2/junit-platform-commons-1.9.2.jar:/Users/novercash/.m2/repository/org/apiguardian/apiguardian-api/1.1.2/apiguardian-api-1.1.2.jar:/Users/novercash/.m2/repository/org/junit/jupiter/junit-jupiter-params/5.9.2/junit-jupiter-params-5.9.2.jar:/Users/novercash/.m2/repository/org/junit/jupiter/junit-jupiter-engine/5.9.2/junit-jupiter-engine-5.9.2.jar:/Users/novercash/.m2/repository/org/junit/platform/junit-platform-engine/1.9.2/junit-platform-engine-1.9.2.jar:/Users/novercash/.m2/repository/org/mockito/mockito-core/4.8.1/mockito-core-4.8.1.jar:/Users/novercash/.m2/repository/net/bytebuddy/byte-buddy-agent/1.12.22/byte-buddy-agent-1.12.22.jar:/Users/novercash/.m2/repository/org/objenesis/objenesis/3.2/objenesis-3.2.jar:/Users/novercash/.m2/repository/org/mockito/mockito-junit-jupiter/4.8.1/mockito-junit-jupiter-4.8.1.jar:/Users/novercash/.m2/repository/org/skyscreamer/jsonassert/1.5.1/jsonassert-1.5.1.jar:/Users/novercash/.m2/repository/com/vaadin/external/google/android-json/0.0.20131108.vaadin1/android-json-0.0.20131108.vaadin1.jar:/Users/novercash/.m2/repository/org/springframework/spring-core/6.0.4/spring-core-6.0.4.jar:/Users/novercash/.m2/repository/org/springframework/spring-jcl/6.0.4/spring-jcl-6.0.4.jar:/Users/novercash/.m2/repository/org/springframework/spring-test/6.0.4/spring-test-6.0.4.jar:/Users/novercash/.m2/repository/org/xmlunit/xmlunit-core/2.9.1/xmlunit-core-2.9.1.jar:/Users/novercash/.m2/repository/com/github/tomakehurst/wiremock-jre8-standalone/2.35.0/wiremock-jre8-standalone-2.35.0.jar:/Users/novercash/.m2/repository/io/rest-assured/rest-assured/5.2.1/rest-assured-5.2.1.jar:/Users/novercash/.m2/repository/org/apache/groovy/groovy/4.0.7/groovy-4.0.7.jar:/Users/novercash/.m2/repository/org/apache/groovy/groovy-xml/4.0.7/groovy-xml-4.0.7.jar:/Users/novercash/.m2/repository/org/apache/httpcomponents/httpclient/4.5.14/httpclient-4.5.14.jar:/Users/novercash/.m2/repository/org/apache/httpcomponents/httpcore/4.4.16/httpcore-4.4.16.jar:/Users/novercash/.m2/repository/commons-codec/commons-codec/1.15/commons-codec-1.15.jar:/Users/novercash/.m2/repository/org/apache/httpcomponents/httpmime/4.5.14/httpmime-4.5.14.jar:/Users/novercash/.m2/repository/org/ccil/cowan/tagsoup/tagsoup/1.2.1/tagsoup-1.2.1.jar:/Users/novercash/.m2/repository/io/rest-assured/json-path/5.2.1/json-path-5.2.1.jar:/Users/novercash/.m2/repository/org/apache/groovy/groovy-json/4.0.7/groovy-json-4.0.7.jar:/Users/novercash/.m2/repository/io/rest-assured/rest-assured-common/5.2.1/rest-assured-common-5.2.1.jar:/Users/novercash/.m2/repository/io/rest-assured/xml-path/5.2.1/xml-path-5.2.1.jar:/Users/novercash/.m2/repository/com/atlassian/oai/swagger-request-validator-restassured/2.33.1/swagger-request-validator-restassured-2.33.1.jar:/Users/novercash/.m2/repository/com/atlassian/oai/swagger-request-validator-core/2.33.1/swagger-request-validator-core-2.33.1.jar:/Users/novercash/.m2/repository/com/github/java-json-tools/json-schema-validator/2.2.14/json-schema-validator-2.2.14.jar:/Users/novercash/.m2/repository/com/github/java-json-tools/jackson-coreutils-equivalence/1.0/jackson-coreutils-equivalence-1.0.jar:/Users/novercash/.m2/repository/com/github/java-json-tools/jackson-coreutils/2.0/jackson-coreutils-2.0.jar:/Users/novercash/.m2/repository/com/github/java-json-tools/msg-simple/1.2/msg-simple-1.2.jar:/Users/novercash/.m2/repository/com/github/java-json-tools/btf/1.3/btf-1.3.jar:/Users/novercash/.m2/repository/com/github/java-json-tools/json-schema-core/1.2.14/json-schema-core-1.2.14.jar:/Users/novercash/.m2/repository/com/github/java-json-tools/uri-template/0.10/uri-template-0.10.jar:/Users/novercash/.m2/repository/com/sun/mail/mailapi/1.6.2/mailapi-1.6.2.jar:/Users/novercash/.m2/repository/com/googlecode/libphonenumber/libphonenumber/8.11.1/libphonenumber-8.11.1.jar:/Users/novercash/.m2/repository/net/sf/jopt-simple/jopt-simple/5.0.4/jopt-simple-5.0.4.jar:/Users/novercash/.m2/repository/com/google/code/findbugs/jsr305/3.0.2/jsr305-3.0.2.jar:/Users/novercash/.m2/repository/com/fasterxml/jackson/datatype/jackson-datatype-jdk8/2.14.1/jackson-datatype-jdk8-2.14.1.jar:/Users/novercash/.m2/repository/org/exparity/hamcrest-date/2.0.8/hamcrest-date-2.0.8.jar:/Users/novercash/.m2/repository/org/hamcrest/hamcrest-core/2.2/hamcrest-core-2.2.jar:/Users/novercash/.m2/repository/com/github/npathai/hamcrest-optional/2.0.0/hamcrest-optional-2.0.0.jar:/Users/novercash/.m2/repository/io/zonky/test/embedded-database-spring-test/2.2.0/embedded-database-spring-test-2.2.0.jar:/Users/novercash/.m2/repository/io/zonky/test/embedded-database-spring-test-autoconfigure/2.2.0/embedded-database-spring-test-autoconfigure-2.2.0.jar:/Users/novercash/.m2/repository/org/testcontainers/postgresql/1.17.6/postgresql-1.17.6.jar:/Users/novercash/.m2/repository/org/testcontainers/jdbc/1.17.6/jdbc-1.17.6.jar:/Users/novercash/.m2/repository/org/testcontainers/database-commons/1.17.6/database-commons-1.17.6.jar:/Users/novercash/.m2/repository/org/testcontainers/testcontainers/1.17.6/testcontainers-1.17.6.jar:/Users/novercash/.m2/repository/junit/junit/4.13.2/junit-4.13.2.jar:/Users/novercash/.m2/repository/org/apache/commons/commons-compress/1.22/commons-compress-1.22.jar:/Users/novercash/.m2/repository/org/rnorth/duct-tape/duct-tape/1.0.8/duct-tape-1.0.8.jar:/Users/novercash/.m2/repository/com/github/docker-java/docker-java-api/3.2.13/docker-java-api-3.2.13.jar:/Users/novercash/.m2/repository/com/github/docker-java/docker-java-transport-zerodep/3.2.13/docker-java-transport-zerodep-3.2.13.jar:/Users/novercash/.m2/repository/com/github/docker-java/docker-java-transport/3.2.13/docker-java-transport-3.2.13.jar:/Users/novercash/.m2/repository/org/testcontainers/mssqlserver/1.17.6/mssqlserver-1.17.6.jar:/Users/novercash/.m2/repository/org/testcontainers/mysql/1.17.6/mysql-1.17.6.jar:/Users/novercash/.m2/repository/org/testcontainers/mariadb/1.17.6/mariadb-1.17.6.jar:/Users/novercash/.m2/repository/org/springframework/spring-context/6.0.4/spring-context-6.0.4.jar:/Users/novercash/.m2/repository/org/springframework/spring-aop/6.0.4/spring-aop-6.0.4.jar:/Users/novercash/.m2/repository/org/springframework/spring-beans/6.0.4/spring-beans-6.0.4.jar:/Users/novercash/.m2/repository/org/springframework/spring-expression/6.0.4/spring-expression-6.0.4.jar:/Users/novercash/.m2/repository/com/cedarsoftware/java-util/1.68.0/java-util-1.68.0.jar:/Users/novercash/.m2/repository/org/projectlombok/lombok/1.18.22/lombok-1.18.22.jar:/Users/novercash/.m2/repository/org/postgresql/postgresql/42.5.0/postgresql-42.5.0.jar:/Users/novercash/.m2/repository/org/checkerframework/checker-qual/3.5.0/checker-qual-3.5.0.jar:/Users/novercash/.m2/repository/com/fasterxml/jackson/datatype/jackson-datatype-jsr310/2.14.2/jackson-datatype-jsr310-2.14.2.jar:/Users/novercash/.m2/repository/com/fasterxml/jackson/core/jackson-annotations/2.14.1/jackson-annotations-2.14.1.jar:/Users/novercash/.m2/repository/com/fasterxml/jackson/core/jackson-core/2.14.1/jackson-core-2.14.1.jar:/Users/novercash/.m2/repository/com/fasterxml/jackson/core/jackson-databind/2.14.1/jackson-databind-2.14.1.jar:/Users/novercash/.m2/repository/org/mapstruct/mapstruct/1.5.3.Final/mapstruct-1.5.3.Final.jar:/Users/novercash/.m2/repository/org/apache/maven/surefire/surefire-junit-platform/3.0.0-M5/surefire-junit-platform-3.0.0-M5.jar:/Users/novercash/.m2/repository/org/apache/maven/surefire/common-java5/3.0.0-M5/common-java5-3.0.0-M5.jar:/Users/novercash/.m2/repository/org/junit/platform/junit-platform-launcher/1.9.2/junit-platform-launcher-1.9.2.jar"/>
    <property name="java.vm.vendor" value="Homebrew"/>
    <property name="sun.arch.data.model" value="64"/>
    <property name="java.vendor.url" value="https://github.com/Homebrew/homebrew-core/issues"/>
    <property name="catalina.useNaming" value="false"/>
    <property name="user.timezone" value="America/Chicago"/>
    <property name="os.name" value="Mac OS X"/>
    <property name="java.vm.specification.version" value="17"/>
    <property name="sun.java.launcher" value="SUN_STANDARD"/>
    <property name="user.country" value="US"/>
    <property name="sun.boot.library.path" value="/opt/homebrew/Cellar/openjdk@17/17.0.7/libexec/openjdk.jdk/Contents/Home/lib"/>
    <property name="sun.java.command" value="org.apache.maven.surefire.booter.ForkedBooter /Users/novercash/folio/folio-training-backend/target/surefire 2023-06-01T22-34-53_250-jvmRun1 surefire16582810393136254970tmp surefire_05247576240751614679tmp"/>
    <property name="http.nonProxyHosts" value="local|*.local|169.254/16|*.169.254/16"/>
    <property name="jdk.debug" value="release"/>
    <property name="surefire.test.class.path" value="/Users/novercash/folio/folio-training-backend/target/test-classes:/Users/novercash/folio/folio-training-backend/target/classes:/Users/novercash/.m2/repository/org/folio/folio-spring-base/6.0.1/folio-spring-base-6.0.1.jar:/Users/novercash/.m2/repository/org/springframework/boot/spring-boot-properties-migrator/3.0.2/spring-boot-properties-migrator-3.0.2.jar:/Users/novercash/.m2/repository/org/springframework/boot/spring-boot/3.0.2/spring-boot-3.0.2.jar:/Users/novercash/.m2/repository/org/springframework/boot/spring-boot-configuration-metadata/3.0.2/spring-boot-configuration-metadata-3.0.2.jar:/Users/novercash/.m2/repository/org/springframework/boot/spring-boot-starter-data-jpa/3.0.2/spring-boot-starter-data-jpa-3.0.2.jar:/Users/novercash/.m2/repository/org/springframework/boot/spring-boot-starter-aop/3.0.2/spring-boot-starter-aop-3.0.2.jar:/Users/novercash/.m2/repository/org/aspectj/aspectjweaver/1.9.19/aspectjweaver-1.9.19.jar:/Users/novercash/.m2/repository/org/springframework/boot/spring-boot-starter-jdbc/3.0.2/spring-boot-starter-jdbc-3.0.2.jar:/Users/novercash/.m2/repository/com/zaxxer/HikariCP/5.0.1/HikariCP-5.0.1.jar:/Users/novercash/.m2/repository/org/springframework/spring-jdbc/6.0.4/spring-jdbc-6.0.4.jar:/Users/novercash/.m2/repository/org/hibernate/orm/hibernate-core/6.1.6.Final/hibernate-core-6.1.6.Final.jar:/Users/novercash/.m2/repository/jakarta/persistence/jakarta.persistence-api/3.1.0/jakarta.persistence-api-3.1.0.jar:/Users/novercash/.m2/repository/jakarta/transaction/jakarta.transaction-api/2.0.1/jakarta.transaction-api-2.0.1.jar:/Users/novercash/.m2/repository/org/hibernate/common/hibernate-commons-annotations/6.0.2.Final/hibernate-commons-annotations-6.0.2.Final.jar:/Users/novercash/.m2/repository/org/jboss/jandex/2.4.2.Final/jandex-2.4.2.Final.jar:/Users/novercash/.m2/repository/org/glassfish/jaxb/jaxb-runtime/4.0.1/jaxb-runtime-4.0.1.jar:/Users/novercash/.m2/repository/org/glassfish/jaxb/jaxb-core/4.0.1/jaxb-core-4.0.1.jar:/Users/novercash/.m2/repository/org/eclipse/angus/angus-activation/1.0.0/angus-activation-1.0.0.jar:/Users/novercash/.m2/repository/org/glassfish/jaxb/txw2/4.0.1/txw2-4.0.1.jar:/Users/novercash/.m2/repository/com/sun/istack/istack-commons-runtime/4.1.1/istack-commons-runtime-4.1.1.jar:/Users/novercash/.m2/repository/jakarta/inject/jakarta.inject-api/2.0.0/jakarta.inject-api-2.0.0.jar:/Users/novercash/.m2/repository/org/antlr/antlr4-runtime/4.10.1/antlr4-runtime-4.10.1.jar:/Users/novercash/.m2/repository/org/springframework/data/spring-data-jpa/3.0.1/spring-data-jpa-3.0.1.jar:/Users/novercash/.m2/repository/org/springframework/data/spring-data-commons/3.0.1/spring-data-commons-3.0.1.jar:/Users/novercash/.m2/repository/org/springframework/spring-orm/6.0.4/spring-orm-6.0.4.jar:/Users/novercash/.m2/repository/org/springframework/spring-tx/6.0.4/spring-tx-6.0.4.jar:/Users/novercash/.m2/repository/org/springframework/spring-aspects/6.0.4/spring-aspects-6.0.4.jar:/Users/novercash/.m2/repository/org/springframework/boot/spring-boot-starter-web/3.0.2/spring-boot-starter-web-3.0.2.jar:/Users/novercash/.m2/repository/org/springframework/boot/spring-boot-starter-json/3.0.2/spring-boot-starter-json-3.0.2.jar:/Users/novercash/.m2/repository/com/fasterxml/jackson/module/jackson-module-parameter-names/2.14.1/jackson-module-parameter-names-2.14.1.jar:/Users/novercash/.m2/repository/org/springframework/boot/spring-boot-starter-tomcat/3.0.2/spring-boot-starter-tomcat-3.0.2.jar:/Users/novercash/.m2/repository/org/apache/tomcat/embed/tomcat-embed-core/10.1.5/tomcat-embed-core-10.1.5.jar:/Users/novercash/.m2/repository/org/apache/tomcat/embed/tomcat-embed-websocket/10.1.5/tomcat-embed-websocket-10.1.5.jar:/Users/novercash/.m2/repository/org/springframework/spring-web/6.0.4/spring-web-6.0.4.jar:/Users/novercash/.m2/repository/org/springframework/spring-webmvc/6.0.4/spring-webmvc-6.0.4.jar:/Users/novercash/.m2/repository/org/springframework/boot/spring-boot-starter-log4j2/3.0.2/spring-boot-starter-log4j2-3.0.2.jar:/Users/novercash/.m2/repository/org/apache/logging/log4j/log4j-slf4j2-impl/2.19.0/log4j-slf4j2-impl-2.19.0.jar:/Users/novercash/.m2/repository/org/apache/logging/log4j/log4j-api/2.19.0/log4j-api-2.19.0.jar:/Users/novercash/.m2/repository/org/apache/logging/log4j/log4j-core/2.19.0/log4j-core-2.19.0.jar:/Users/novercash/.m2/repository/org/apache/logging/log4j/log4j-jul/2.19.0/log4j-jul-2.19.0.jar:/Users/novercash/.m2/repository/org/springframework/cloud/spring-cloud-starter-openfeign/4.0.0/spring-cloud-starter-openfeign-4.0.0.jar:/Users/novercash/.m2/repository/org/springframework/cloud/spring-cloud-starter/4.0.0/spring-cloud-starter-4.0.0.jar:/Users/novercash/.m2/repository/org/springframework/cloud/spring-cloud-context/4.0.0/spring-cloud-context-4.0.0.jar:/Users/novercash/.m2/repository/org/springframework/security/spring-security-rsa/1.0.11.RELEASE/spring-security-rsa-1.0.11.RELEASE.jar:/Users/novercash/.m2/repository/org/bouncycastle/bcpkix-jdk15on/1.69/bcpkix-jdk15on-1.69.jar:/Users/novercash/.m2/repository/org/bouncycastle/bcprov-jdk15on/1.69/bcprov-jdk15on-1.69.jar:/Users/novercash/.m2/repository/org/bouncycastle/bcutil-jdk15on/1.69/bcutil-jdk15on-1.69.jar:/Users/novercash/.m2/repository/org/springframework/cloud/spring-cloud-openfeign-core/4.0.0/spring-cloud-openfeign-core-4.0.0.jar:/Users/novercash/.m2/repository/io/github/openfeign/form/feign-form-spring/3.8.0/feign-form-spring-3.8.0.jar:/Users/novercash/.m2/repository/io/github/openfeign/form/feign-form/3.8.0/feign-form-3.8.0.jar:/Users/novercash/.m2/repository/commons-fileupload/commons-fileupload/1.4/commons-fileupload-1.4.jar:/Users/novercash/.m2/repository/org/springframework/cloud/spring-cloud-commons/4.0.0/spring-cloud-commons-4.0.0.jar:/Users/novercash/.m2/repository/org/springframework/security/spring-security-crypto/6.0.1/spring-security-crypto-6.0.1.jar:/Users/novercash/.m2/repository/io/github/openfeign/feign-core/12.1/feign-core-12.1.jar:/Users/novercash/.m2/repository/io/github/openfeign/feign-slf4j/12.1/feign-slf4j-12.1.jar:/Users/novercash/.m2/repository/org/apache/commons/commons-lang3/3.12.0/commons-lang3-3.12.0.jar:/Users/novercash/.m2/repository/org/liquibase/liquibase-core/4.17.2/liquibase-core-4.17.2.jar:/Users/novercash/.m2/repository/javax/xml/bind/jaxb-api/2.3.1/jaxb-api-2.3.1.jar:/Users/novercash/.m2/repository/javax/activation/javax.activation-api/1.2.0/javax.activation-api-1.2.0.jar:/Users/novercash/.m2/repository/org/yaml/snakeyaml/1.33/snakeyaml-1.33.jar:/Users/novercash/.m2/repository/com/opencsv/opencsv/5.7.1/opencsv-5.7.1.jar:/Users/novercash/.m2/repository/org/apache/commons/commons-collections4/4.4/commons-collections4-4.4.jar:/Users/novercash/.m2/repository/io/github/openfeign/feign-okhttp/12.1/feign-okhttp-12.1.jar:/Users/novercash/.m2/repository/com/squareup/okhttp3/okhttp/4.10.0/okhttp-4.10.0.jar:/Users/novercash/.m2/repository/com/squareup/okio/okio-jvm/3.0.0/okio-jvm-3.0.0.jar:/Users/novercash/.m2/repository/org/jetbrains/kotlin/kotlin-stdlib-jdk8/1.7.22/kotlin-stdlib-jdk8-1.7.22.jar:/Users/novercash/.m2/repository/org/jetbrains/kotlin/kotlin-stdlib-jdk7/1.7.22/kotlin-stdlib-jdk7-1.7.22.jar:/Users/novercash/.m2/repository/org/jetbrains/kotlin/kotlin-stdlib-common/1.7.22/kotlin-stdlib-common-1.7.22.jar:/Users/novercash/.m2/repository/org/jetbrains/kotlin/kotlin-stdlib/1.7.22/kotlin-stdlib-1.7.22.jar:/Users/novercash/.m2/repository/org/jetbrains/annotations/13.0/annotations-13.0.jar:/Users/novercash/.m2/repository/org/folio/cql2pgjson/35.0.4/cql2pgjson-35.0.4.jar:/Users/novercash/.m2/repository/org/folio/dbschema/35.0.4/dbschema-35.0.4.jar:/Users/novercash/.m2/repository/org/z3950/zing/cql-java/1.13/cql-java-1.13.jar:/Users/novercash/.m2/repository/org/openapitools/openapi-generator/6.2.1/openapi-generator-6.2.1.jar:/Users/novercash/.m2/repository/io/swagger/parser/v3/swagger-parser/2.1.6/swagger-parser-2.1.6.jar:/Users/novercash/.m2/repository/io/swagger/parser/v3/swagger-parser-v2-converter/2.1.6/swagger-parser-v2-converter-2.1.6.jar:/Users/novercash/.m2/repository/io/swagger/swagger-core/1.6.8/swagger-core-1.6.8.jar:/Users/novercash/.m2/repository/io/swagger/swagger-models/1.6.8/swagger-models-1.6.8.jar:/Users/novercash/.m2/repository/io/swagger/swagger-annotations/1.6.8/swagger-annotations-1.6.8.jar:/Users/novercash/.m2/repository/javax/validation/validation-api/1.1.0.Final/validation-api-1.1.0.Final.jar:/Users/novercash/.m2/repository/io/swagger/swagger-parser/1.0.63/swagger-parser-1.0.63.jar:/Users/novercash/.m2/repository/io/swagger/swagger-compat-spec-parser/1.0.63/swagger-compat-spec-parser-1.0.63.jar:/Users/novercash/.m2/repository/com/github/java-json-tools/json-patch/1.13/json-patch-1.13.jar:/Users/novercash/.m2/repository/io/swagger/core/v3/swagger-models/2.2.4/swagger-models-2.2.4.jar:/Users/novercash/.m2/repository/io/swagger/parser/v3/swagger-parser-core/2.1.6/swagger-parser-core-2.1.6.jar:/Users/novercash/.m2/repository/io/swagger/parser/v3/swagger-parser-v3/2.1.6/swagger-parser-v3-2.1.6.jar:/Users/novercash/.m2/repository/io/swagger/core/v3/swagger-core/2.2.4/swagger-core-2.2.4.jar:/Users/novercash/.m2/repository/io/swagger/core/v3/swagger-annotations/2.2.4/swagger-annotations-2.2.4.jar:/Users/novercash/.m2/repository/com/fasterxml/jackson/dataformat/jackson-dataformat-yaml/2.14.1/jackson-dataformat-yaml-2.14.1.jar:/Users/novercash/.m2/repository/com/samskivert/jmustache/1.15/jmustache-1.15.jar:/Users/novercash/.m2/repository/com/github/jknack/handlebars/4.2.1/handlebars-4.2.1.jar:/Users/novercash/.m2/repository/com/github/jknack/handlebars-jackson2/4.2.1/handlebars-jackson2-4.2.1.jar:/Users/novercash/.m2/repository/commons-io/commons-io/2.11.0/commons-io-2.11.0.jar:/Users/novercash/.m2/repository/org/slf4j/slf4j-ext/2.0.6/slf4j-ext-2.0.6.jar:/Users/novercash/.m2/repository/org/slf4j/slf4j-api/2.0.6/slf4j-api-2.0.6.jar:/Users/novercash/.m2/repository/org/apache/commons/commons-text/1.10.0/commons-text-1.10.0.jar:/Users/novercash/.m2/repository/commons-cli/commons-cli/1.4/commons-cli-1.4.jar:/Users/novercash/.m2/repository/com/google/guava/guava/30.1.1-jre/guava-30.1.1-jre.jar:/Users/novercash/.m2/repository/com/google/guava/failureaccess/1.0.1/failureaccess-1.0.1.jar:/Users/novercash/.m2/repository/com/google/guava/listenablefuture/9999.0-empty-to-avoid-conflict-with-guava/listenablefuture-9999.0-empty-to-avoid-conflict-with-guava.jar:/Users/novercash/.m2/repository/com/google/errorprone/error_prone_annotations/2.5.1/error_prone_annotations-2.5.1.jar:/Users/novercash/.m2/repository/com/google/j2objc/j2objc-annotations/1.3/j2objc-annotations-1.3.jar:/Users/novercash/.m2/repository/com/fasterxml/jackson/datatype/jackson-datatype-guava/2.14.1/jackson-datatype-guava-2.14.1.jar:/Users/novercash/.m2/repository/com/atlassian/commonmark/commonmark/0.11.0/commonmark-0.11.0.jar:/Users/novercash/.m2/repository/com/github/mifmif/generex/1.0.2/generex-1.0.2.jar:/Users/novercash/.m2/repository/dk/brics/automaton/automaton/1.11-8/automaton-1.11-8.jar:/Users/novercash/.m2/repository/com/github/curious-odd-man/rgxgen/1.3/rgxgen-1.3.jar:/Users/novercash/.m2/repository/com/fasterxml/jackson/datatype/jackson-datatype-joda/2.14.1/jackson-datatype-joda-2.14.1.jar:/Users/novercash/.m2/repository/joda-time/joda-time/2.10.8/joda-time-2.10.8.jar:/Users/novercash/.m2/repository/com/github/joschi/jackson/jackson-datatype-threetenbp/2.10.0/jackson-datatype-threetenbp-2.10.0.jar:/Users/novercash/.m2/repository/org/threeten/threetenbp/1.4.0/threetenbp-1.4.0.jar:/Users/novercash/.m2/repository/org/openapitools/openapi-generator-core/6.2.1/openapi-generator-core-6.2.1.jar:/Users/novercash/.m2/repository/net/java/dev/jna/jna/5.5.0/jna-5.5.0.jar:/Users/novercash/.m2/repository/com/github/ben-manes/caffeine/caffeine/3.1.2/caffeine-3.1.2.jar:/Users/novercash/.m2/repository/org/openapitools/openapi-generator-maven-plugin/6.2.1/openapi-generator-maven-plugin-6.2.1.jar:/Users/novercash/.m2/repository/org/sonatype/plexus/plexus-build-api/0.0.7/plexus-build-api-0.0.7.jar:/Users/novercash/.m2/repository/org/apache/maven/maven-core/3.8.5/maven-core-3.8.5.jar:/Users/novercash/.m2/repository/org/apache/maven/maven-builder-support/3.8.5/maven-builder-support-3.8.5.jar:/Users/novercash/.m2/repository/org/apache/maven/resolver/maven-resolver-spi/1.6.3/maven-resolver-spi-1.6.3.jar:/Users/novercash/.m2/repository/org/apache/maven/shared/maven-shared-utils/3.3.4/maven-shared-utils-3.3.4.jar:/Users/novercash/.m2/repository/org/eclipse/sisu/org.eclipse.sisu.inject/0.3.5/org.eclipse.sisu.inject-0.3.5.jar:/Users/novercash/.m2/repository/com/google/inject/guice/4.2.2/guice-4.2.2-no_aop.jar:/Users/novercash/.m2/repository/aopalliance/aopalliance/1.0/aopalliance-1.0.jar:/Users/novercash/.m2/repository/javax/inject/javax.inject/1/javax.inject-1.jar:/Users/novercash/.m2/repository/org/codehaus/plexus/plexus-classworlds/2.6.0/plexus-classworlds-2.6.0.jar:/Users/novercash/.m2/repository/org/apache/maven/maven-plugin-api/3.8.5/maven-plugin-api-3.8.5.jar:/Users/novercash/.m2/repository/org/apache/maven/plugin-tools/maven-plugin-annotations/3.6.4/maven-plugin-annotations-3.6.4.jar:/Users/novercash/.m2/repository/org/apache/maven/maven-compat/3.8.7/maven-compat-3.8.7.jar:/Users/novercash/.m2/repository/org/apache/maven/maven-model/3.8.7/maven-model-3.8.7.jar:/Users/novercash/.m2/repository/org/apache/maven/maven-model-builder/3.8.7/maven-model-builder-3.8.7.jar:/Users/novercash/.m2/repository/org/apache/maven/maven-settings/3.8.7/maven-settings-3.8.7.jar:/Users/novercash/.m2/repository/org/apache/maven/maven-settings-builder/3.8.7/maven-settings-builder-3.8.7.jar:/Users/novercash/.m2/repository/org/codehaus/plexus/plexus-sec-dispatcher/2.0/plexus-sec-dispatcher-2.0.jar:/Users/novercash/.m2/repository/org/codehaus/plexus/plexus-cipher/2.0/plexus-cipher-2.0.jar:/Users/novercash/.m2/repository/org/apache/maven/maven-artifact/3.8.7/maven-artifact-3.8.7.jar:/Users/novercash/.m2/repository/org/apache/maven/maven-resolver-provider/3.8.7/maven-resolver-provider-3.8.7.jar:/Users/novercash/.m2/repository/org/apache/maven/maven-repository-metadata/3.8.7/maven-repository-metadata-3.8.7.jar:/Users/novercash/.m2/repository/org/apache/maven/resolver/maven-resolver-api/1.6.3/maven-resolver-api-1.6.3.jar:/Users/novercash/.m2/repository/org/apache/maven/resolver/maven-resolver-util/1.6.3/maven-resolver-util-1.6.3.jar:/Users/novercash/.m2/repository/org/apache/maven/resolver/maven-resolver-impl/1.6.3/maven-resolver-impl-1.6.3.jar:/Users/novercash/.m2/repository/org/codehaus/plexus/plexus-utils/3.3.1/plexus-utils-3.3.1.jar:/Users/novercash/.m2/repository/org/codehaus/plexus/plexus-interpolation/1.26/plexus-interpolation-1.26.jar:/Users/novercash/.m2/repository/org/eclipse/sisu/org.eclipse.sisu.plexus/0.3.5/org.eclipse.sisu.plexus-0.3.5.jar:/Users/novercash/.m2/repository/javax/annotation/javax.annotation-api/1.2/javax.annotation-api-1.2.jar:/Users/novercash/.m2/repository/org/codehaus/plexus/plexus-component-annotations/2.1.0/plexus-component-annotations-2.1.0.jar:/Users/novercash/.m2/repository/org/apache/maven/wagon/wagon-provider-api/3.5.3/wagon-provider-api-3.5.3.jar:/Users/novercash/.m2/repository/org/openapitools/jackson-databind-nullable/0.2.4/jackson-databind-nullable-0.2.4.jar:/Users/novercash/.m2/repository/org/mozilla/rhino/1.7.14/rhino-1.7.14.jar:/Users/novercash/.m2/repository/org/springframework/boot/spring-boot-starter-actuator/3.0.2/spring-boot-starter-actuator-3.0.2.jar:/Users/novercash/.m2/repository/org/springframework/boot/spring-boot-starter/3.0.2/spring-boot-starter-3.0.2.jar:/Users/novercash/.m2/repository/org/springframework/boot/spring-boot-autoconfigure/3.0.2/spring-boot-autoconfigure-3.0.2.jar:/Users/novercash/.m2/repository/jakarta/annotation/jakarta.annotation-api/2.1.1/jakarta.annotation-api-2.1.1.jar:/Users/novercash/.m2/repository/org/springframework/boot/spring-boot-actuator-autoconfigure/3.0.2/spring-boot-actuator-autoconfigure-3.0.2.jar:/Users/novercash/.m2/repository/org/springframework/boot/spring-boot-actuator/3.0.2/spring-boot-actuator-3.0.2.jar:/Users/novercash/.m2/repository/io/micrometer/micrometer-observation/1.10.3/micrometer-observation-1.10.3.jar:/Users/novercash/.m2/repository/io/micrometer/micrometer-commons/1.10.3/micrometer-commons-1.10.3.jar:/Users/novercash/.m2/repository/io/micrometer/micrometer-core/1.10.3/micrometer-core-1.10.3.jar:/Users/novercash/.m2/repository/org/hdrhistogram/HdrHistogram/2.1.12/HdrHistogram-2.1.12.jar:/Users/novercash/.m2/repository/org/latencyutils/LatencyUtils/2.0.3/LatencyUtils-2.0.3.jar:/Users/novercash/.m2/repository/org/springframework/boot/spring-boot-starter-validation/3.0.2/spring-boot-starter-validation-3.0.2.jar:/Users/novercash/.m2/repository/org/apache/tomcat/embed/tomcat-embed-el/10.1.5/tomcat-embed-el-10.1.5.jar:/Users/novercash/.m2/repository/org/hibernate/validator/hibernate-validator/8.0.0.Final/hibernate-validator-8.0.0.Final.jar:/Users/novercash/.m2/repository/jakarta/validation/jakarta.validation-api/3.0.2/jakarta.validation-api-3.0.2.jar:/Users/novercash/.m2/repository/org/jboss/logging/jboss-logging/3.5.0.Final/jboss-logging-3.5.0.Final.jar:/Users/novercash/.m2/repository/com/fasterxml/classmate/1.5.1/classmate-1.5.1.jar:/Users/novercash/.m2/repository/com/ibm/icu/icu4j/72.1/icu4j-72.1.jar:/Users/novercash/.m2/repository/org/springframework/boot/spring-boot-starter-test/3.0.2/spring-boot-starter-test-3.0.2.jar:/Users/novercash/.m2/repository/org/springframework/boot/spring-boot-test/3.0.2/spring-boot-test-3.0.2.jar:/Users/novercash/.m2/repository/org/springframework/boot/spring-boot-test-autoconfigure/3.0.2/spring-boot-test-autoconfigure-3.0.2.jar:/Users/novercash/.m2/repository/com/jayway/jsonpath/json-path/2.7.0/json-path-2.7.0.jar:/Users/novercash/.m2/repository/net/minidev/json-smart/2.4.8/json-smart-2.4.8.jar:/Users/novercash/.m2/repository/net/minidev/accessors-smart/2.4.8/accessors-smart-2.4.8.jar:/Users/novercash/.m2/repository/org/ow2/asm/asm/9.1/asm-9.1.jar:/Users/novercash/.m2/repository/jakarta/xml/bind/jakarta.xml.bind-api/4.0.0/jakarta.xml.bind-api-4.0.0.jar:/Users/novercash/.m2/repository/jakarta/activation/jakarta.activation-api/2.1.1/jakarta.activation-api-2.1.1.jar:/Users/novercash/.m2/repository/org/assertj/assertj-core/3.23.1/assertj-core-3.23.1.jar:/Users/novercash/.m2/repository/net/bytebuddy/byte-buddy/1.12.22/byte-buddy-1.12.22.jar:/Users/novercash/.m2/repository/org/hamcrest/hamcrest/2.2/hamcrest-2.2.jar:/Users/novercash/.m2/repository/org/junit/jupiter/junit-jupiter/5.9.2/junit-jupiter-5.9.2.jar:/Users/novercash/.m2/repository/org/junit/jupiter/junit-jupiter-api/5.9.2/junit-jupiter-api-5.9.2.jar:/Users/novercash/.m2/repository/org/opentest4j/opentest4j/1.2.0/opentest4j-1.2.0.jar:/Users/novercash/.m2/repository/org/junit/platform/junit-platform-commons/1.9.2/junit-platform-commons-1.9.2.jar:/Users/novercash/.m2/repository/org/apiguardian/apiguardian-api/1.1.2/apiguardian-api-1.1.2.jar:/Users/novercash/.m2/repository/org/junit/jupiter/junit-jupiter-params/5.9.2/junit-jupiter-params-5.9.2.jar:/Users/novercash/.m2/repository/org/junit/jupiter/junit-jupiter-engine/5.9.2/junit-jupiter-engine-5.9.2.jar:/Users/novercash/.m2/repository/org/junit/platform/junit-platform-engine/1.9.2/junit-platform-engine-1.9.2.jar:/Users/novercash/.m2/repository/org/mockito/mockito-core/4.8.1/mockito-core-4.8.1.jar:/Users/novercash/.m2/repository/net/bytebuddy/byte-buddy-agent/1.12.22/byte-buddy-agent-1.12.22.jar:/Users/novercash/.m2/repository/org/objenesis/objenesis/3.2/objenesis-3.2.jar:/Users/novercash/.m2/repository/org/mockito/mockito-junit-jupiter/4.8.1/mockito-junit-jupiter-4.8.1.jar:/Users/novercash/.m2/repository/org/skyscreamer/jsonassert/1.5.1/jsonassert-1.5.1.jar:/Users/novercash/.m2/repository/com/vaadin/external/google/android-json/0.0.20131108.vaadin1/android-json-0.0.20131108.vaadin1.jar:/Users/novercash/.m2/repository/org/springframework/spring-core/6.0.4/spring-core-6.0.4.jar:/Users/novercash/.m2/repository/org/springframework/spring-jcl/6.0.4/spring-jcl-6.0.4.jar:/Users/novercash/.m2/repository/org/springframework/spring-test/6.0.4/spring-test-6.0.4.jar:/Users/novercash/.m2/repository/org/xmlunit/xmlunit-core/2.9.1/xmlunit-core-2.9.1.jar:/Users/novercash/.m2/repository/com/github/tomakehurst/wiremock-jre8-standalone/2.35.0/wiremock-jre8-standalone-2.35.0.jar:/Users/novercash/.m2/repository/io/rest-assured/rest-assured/5.2.1/rest-assured-5.2.1.jar:/Users/novercash/.m2/repository/org/apache/groovy/groovy/4.0.7/groovy-4.0.7.jar:/Users/novercash/.m2/repository/org/apache/groovy/groovy-xml/4.0.7/groovy-xml-4.0.7.jar:/Users/novercash/.m2/repository/org/apache/httpcomponents/httpclient/4.5.14/httpclient-4.5.14.jar:/Users/novercash/.m2/repository/org/apache/httpcomponents/httpcore/4.4.16/httpcore-4.4.16.jar:/Users/novercash/.m2/repository/commons-codec/commons-codec/1.15/commons-codec-1.15.jar:/Users/novercash/.m2/repository/org/apache/httpcomponents/httpmime/4.5.14/httpmime-4.5.14.jar:/Users/novercash/.m2/repository/org/ccil/cowan/tagsoup/tagsoup/1.2.1/tagsoup-1.2.1.jar:/Users/novercash/.m2/repository/io/rest-assured/json-path/5.2.1/json-path-5.2.1.jar:/Users/novercash/.m2/repository/org/apache/groovy/groovy-json/4.0.7/groovy-json-4.0.7.jar:/Users/novercash/.m2/repository/io/rest-assured/rest-assured-common/5.2.1/rest-assured-common-5.2.1.jar:/Users/novercash/.m2/repository/io/rest-assured/xml-path/5.2.1/xml-path-5.2.1.jar:/Users/novercash/.m2/repository/com/atlassian/oai/swagger-request-validator-restassured/2.33.1/swagger-request-validator-restassured-2.33.1.jar:/Users/novercash/.m2/repository/com/atlassian/oai/swagger-request-validator-core/2.33.1/swagger-request-validator-core-2.33.1.jar:/Users/novercash/.m2/repository/com/github/java-json-tools/json-schema-validator/2.2.14/json-schema-validator-2.2.14.jar:/Users/novercash/.m2/repository/com/github/java-json-tools/jackson-coreutils-equivalence/1.0/jackson-coreutils-equivalence-1.0.jar:/Users/novercash/.m2/repository/com/github/java-json-tools/jackson-coreutils/2.0/jackson-coreutils-2.0.jar:/Users/novercash/.m2/repository/com/github/java-json-tools/msg-simple/1.2/msg-simple-1.2.jar:/Users/novercash/.m2/repository/com/github/java-json-tools/btf/1.3/btf-1.3.jar:/Users/novercash/.m2/repository/com/github/java-json-tools/json-schema-core/1.2.14/json-schema-core-1.2.14.jar:/Users/novercash/.m2/repository/com/github/java-json-tools/uri-template/0.10/uri-template-0.10.jar:/Users/novercash/.m2/repository/com/sun/mail/mailapi/1.6.2/mailapi-1.6.2.jar:/Users/novercash/.m2/repository/com/googlecode/libphonenumber/libphonenumber/8.11.1/libphonenumber-8.11.1.jar:/Users/novercash/.m2/repository/net/sf/jopt-simple/jopt-simple/5.0.4/jopt-simple-5.0.4.jar:/Users/novercash/.m2/repository/com/google/code/findbugs/jsr305/3.0.2/jsr305-3.0.2.jar:/Users/novercash/.m2/repository/com/fasterxml/jackson/datatype/jackson-datatype-jdk8/2.14.1/jackson-datatype-jdk8-2.14.1.jar:/Users/novercash/.m2/repository/org/exparity/hamcrest-date/2.0.8/hamcrest-date-2.0.8.jar:/Users/novercash/.m2/repository/org/hamcrest/hamcrest-core/2.2/hamcrest-core-2.2.jar:/Users/novercash/.m2/repository/com/github/npathai/hamcrest-optional/2.0.0/hamcrest-optional-2.0.0.jar:/Users/novercash/.m2/repository/io/zonky/test/embedded-database-spring-test/2.2.0/embedded-database-spring-test-2.2.0.jar:/Users/novercash/.m2/repository/io/zonky/test/embedded-database-spring-test-autoconfigure/2.2.0/embedded-database-spring-test-autoconfigure-2.2.0.jar:/Users/novercash/.m2/repository/org/testcontainers/postgresql/1.17.6/postgresql-1.17.6.jar:/Users/novercash/.m2/repository/org/testcontainers/jdbc/1.17.6/jdbc-1.17.6.jar:/Users/novercash/.m2/repository/org/testcontainers/database-commons/1.17.6/database-commons-1.17.6.jar:/Users/novercash/.m2/repository/org/testcontainers/testcontainers/1.17.6/testcontainers-1.17.6.jar:/Users/novercash/.m2/repository/junit/junit/4.13.2/junit-4.13.2.jar:/Users/novercash/.m2/repository/org/apache/commons/commons-compress/1.22/commons-compress-1.22.jar:/Users/novercash/.m2/repository/org/rnorth/duct-tape/duct-tape/1.0.8/duct-tape-1.0.8.jar:/Users/novercash/.m2/repository/com/github/docker-java/docker-java-api/3.2.13/docker-java-api-3.2.13.jar:/Users/novercash/.m2/repository/com/github/docker-java/docker-java-transport-zerodep/3.2.13/docker-java-transport-zerodep-3.2.13.jar:/Users/novercash/.m2/repository/com/github/docker-java/docker-java-transport/3.2.13/docker-java-transport-3.2.13.jar:/Users/novercash/.m2/repository/org/testcontainers/mssqlserver/1.17.6/mssqlserver-1.17.6.jar:/Users/novercash/.m2/repository/org/testcontainers/mysql/1.17.6/mysql-1.17.6.jar:/Users/novercash/.m2/repository/org/testcontainers/mariadb/1.17.6/mariadb-1.17.6.jar:/Users/novercash/.m2/repository/org/springframework/spring-context/6.0.4/spring-context-6.0.4.jar:/Users/novercash/.m2/repository/org/springframework/spring-aop/6.0.4/spring-aop-6.0.4.jar:/Users/novercash/.m2/repository/org/springframework/spring-beans/6.0.4/spring-beans-6.0.4.jar:/Users/novercash/.m2/repository/org/springframework/spring-expression/6.0.4/spring-expression-6.0.4.jar:/Users/novercash/.m2/repository/com/cedarsoftware/java-util/1.68.0/java-util-1.68.0.jar:/Users/novercash/.m2/repository/org/projectlombok/lombok/1.18.22/lombok-1.18.22.jar:/Users/novercash/.m2/repository/org/postgresql/postgresql/42.5.0/postgresql-42.5.0.jar:/Users/novercash/.m2/repository/org/checkerframework/checker-qual/3.5.0/checker-qual-3.5.0.jar:/Users/novercash/.m2/repository/com/fasterxml/jackson/datatype/jackson-datatype-jsr310/2.14.2/jackson-datatype-jsr310-2.14.2.jar:/Users/novercash/.m2/repository/com/fasterxml/jackson/core/jackson-annotations/2.14.1/jackson-annotations-2.14.1.jar:/Users/novercash/.m2/repository/com/fasterxml/jackson/core/jackson-core/2.14.1/jackson-core-2.14.1.jar:/Users/novercash/.m2/repository/com/fasterxml/jackson/core/jackson-databind/2.14.1/jackson-databind-2.14.1.jar:/Users/novercash/.m2/repository/org/mapstruct/mapstruct/1.5.3.Final/mapstruct-1.5.3.Final.jar:"/>
    <property name="sun.cpu.endian" value="little"/>
    <property name="user.home" value="/Users/novercash"/>
    <property name="user.language" value="en"/>
    <property name="java.specification.vendor" value="Oracle Corporation"/>
    <property name="java.version.date" value="2023-04-18"/>
    <property name="java.home" value="/opt/homebrew/Cellar/openjdk@17/17.0.7/libexec/openjdk.jdk/Contents/Home"/>
    <property name="file.separator" value="/"/>
    <property name="basedir" value="/Users/novercash/folio/folio-training-backend"/>
    <property name="java.vm.compressedOopsMode" value="Zero based"/>
    <property name="line.separator" value="&#10;"/>
    <property name="java.specification.name" value="Java Platform API Specification"/>
    <property name="java.vm.specification.vendor" value="Oracle Corporation"/>
    <property name="FILE_LOG_CHARSET" value="UTF-8"/>
    <property name="java.awt.headless" value="true"/>
    <property name="sun.management.compiler" value="HotSpot 64-Bit Tiered Compilers"/>
    <property name="ftp.nonProxyHosts" value="local|*.local|169.254/16|*.169.254/16"/>
    <property name="java.runtime.version" value="17.0.7+0"/>
    <property name="user.name" value="novercash"/>
    <property name="path.separator" value=":"/>
    <property name="os.version" value="13.4"/>
    <property name="java.runtime.name" value="OpenJDK Runtime Environment"/>
    <property name="file.encoding" value="UTF-8"/>
    <property name="java.vm.name" value="OpenJDK 64-Bit Server VM"/>
    <property name="java.vendor.version" value="Homebrew"/>
    <property name="localRepository" value="/Users/novercash/.m2/repository"/>
    <property name="javax.xml.xpath.XPathFactory:http://java.sun.com/jaxp/xpath/dom" value="com.sun.org.apache.xpath.internal.jaxp.XPathFactoryImpl"/>
    <property name="java.vendor.url.bug" value="https://github.com/Homebrew/homebrew-core/issues"/>
    <property name="jetty.git.hash" value="4231a3b2e4cb8548a412a789936d640a97b1aa0a"/>
    <property name="java.io.tmpdir" value="/var/folders/5v/y_s0598j2bv_1mlkl058t_nc0000gn/T/"/>
    <property name="wiremock.org.eclipse.jetty.http.HttpGenerator.STRICT" value="true"/>
    <property name="catalina.home" value="/private/var/folders/5v/y_s0598j2bv_1mlkl058t_nc0000gn/T/tomcat.0.5088204207896045375"/>
    <property name="java.version" value="17.0.7"/>
    <property name="user.dir" value="/Users/novercash/folio/folio-training-backend"/>
    <property name="os.arch" value="aarch64"/>
    <property name="java.vm.specification.name" value="Java Virtual Machine Specification"/>
    <property name="PID" value="96215"/>
    <property name="CONSOLE_LOG_CHARSET" value="UTF-8"/>
    <property name="catalina.base" value="/private/var/folders/5v/y_s0598j2bv_1mlkl058t_nc0000gn/T/tomcat.0.5088204207896045375"/>
    <property name="native.encoding" value="UTF-8"/>
    <property name="java.library.path" value="/Users/novercash/Library/Java/Extensions:/Library/Java/Extensions:/Network/Library/Java/Extensions:/System/Library/Java/Extensions:/usr/lib/java:."/>
    <property name="java.vm.info" value="mixed mode, sharing"/>
    <property name="java.vendor" value="Homebrew"/>
    <property name="java.vm.version" value="17.0.7+0"/>
    <property name="sun.io.unicode.encoding" value="UnicodeBig"/>
    <property name="javax.xml.transform.TransformerFactory" value="com.sun.org.apache.xalan.internal.xsltc.trax.TransformerFactoryImpl"/>
    <property name="socksNonProxyHosts" value="local|*.local|169.254/16|*.169.254/16"/>
    <property name="java.class.version" value="61.0"/>
  </properties>
  <testcase name="testOkStatusReport" classname="org.folio.sample.integration.api.health.OkapiHealthTest" time="1.687">
    <system-out><![CDATA[22:34:54 [] [] [] [] INFO  igContextLoaderUtils Could not detect default configuration classes for test class [org.folio.sample.integration.BaseApiTest]: BaseApiTest does not declare any static, non-private, non-final, nested classes annotated with @Configuration.
22:34:54 [] [] [] [] INFO  tContextBootstrapper Found @SpringBootConfiguration org.folio.sample.Application for test class org.folio.sample.integration.api.health.OkapiHealthTest
                                                              .'  `.
                                                               -``.
                                                               `++`
   -oyyys+-                  ooss-    .--            `hhyo/.   :dh:   ./oyhh`
  oddds-:+.                  dddd:   sdddy            -shhhhy//dddd/+yhhhhs-
 .dddd-                      dddd:   +dddo             .hddddo/dddh/sddddh`
 -dddd.                      dddd:                       .-.  .syys.  .-`
:oddddsooo.   :+syyyys+-     dddd:   /ooo+     .+syyyys+-     osoos+
+sddddsooo. /dddy:-:oddds`   dddd:   odddy   .yddd+--/dddy-   -+++/.
 -dddd.    :dddd`    sdddy   dddd:   odddy  .dddd:    :dddd.   .++.
 -dddd.    hdddy     /dddd:  dddd:   odddy  odddd`    `ddddo
 -dddd.    ddddy     :dddd/  dddd:   odddy  sdddd      dddds
 -dddd.    ydddh     /dddd-  dddd:   odddy  +dddd`    `dddd+
 -dddd.    -dddd.    ydddo   dddd:   odddy  `yddd+    /dddh`
 -dddd.     .sdddo++yddh:    dddd:   odddy   `oddds++sddd+`
 `////`       `:/+o++:.      ////.   -///:      -/+oo+/-

  (  with Spring Boot (v3.0.2))

22:34:55 [] [] [] [] INFO  Version              HV000001: Hibernate Validator 8.0.0.Final
22:34:55 [] [] [] [] INFO  StartupInfoLogger    Starting OkapiHealthTest using Java 17.0.7 with PID 96215 (started by novercash in /Users/novercash/folio/folio-training-backend)
22:34:55 [] [] [] [] INFO  SpringApplication    The following 1 profile is active: "test"
22:34:56 [] [] [] [] INFO  onfigurationDelegate Bootstrapping Spring Data JPA repositories in DEFAULT mode.
22:34:56 [] [] [] [] INFO  onfigurationDelegate Finished Spring Data repository scanning in 55 ms. Found 1 JPA repository interfaces.
22:34:57 [] [] [] [] INFO  dedDatabaseRegistrar Replacing 'dataSource' DataSource bean with embedded version
22:34:57 [] [] [] [] INFO  GenericScope         BeanFactory id=5bc0cd4c-2b7f-34f1-87d6-09b54c785bee
22:34:57 [] [] [] [] INFO  PostProcessorChecker Bean 'org.folio.spring.config.FolioSpringConfiguration' of type [org.folio.spring.config.FolioSpringConfiguration$$SpringCGLIB$$0] is not eligible for getting processed by all BeanPostProcessors (for example: not eligible for auto-proxying)
22:34:57 [] [] [] [] INFO  PostProcessorChecker Bean 'folioExecutionContext' of type [org.springframework.aop.scope.ScopedProxyFactoryBean] is not eligible for getting processed by all BeanPostProcessors (for example: not eligible for auto-proxying)
22:34:57 [] [] [] [] INFO  PostProcessorChecker Bean 'folioExecutionContext' of type [jdk.proxy2.$Proxy135] is not eligible for getting processed by all BeanPostProcessors (for example: not eligible for auto-proxying)
22:34:57 [] [] [] [] INFO  PostProcessorChecker Bean 'io.zonky.test.db.config.EmbeddedDatabaseAutoConfiguration' of type [io.zonky.test.db.config.EmbeddedDatabaseAutoConfiguration$$SpringCGLIB$$0] is not eligible for getting processed by all BeanPostProcessors (for example: not eligible for auto-proxying)
22:34:57 [] [] [] [] INFO  TomcatWebServer      Tomcat initialized with port(s): 0 (http)
22:34:57 [] [] [] [] INFO  DirectJDKLog         Initializing ProtocolHandler ["http-nio-auto-1"]
22:34:57 [] [] [] [] INFO  DirectJDKLog         Starting service [Tomcat]
22:34:57 [] [] [] [] INFO  DirectJDKLog         Starting Servlet engine: [Apache Tomcat/10.1.5]
22:34:57 [] [] [] [] INFO  DirectJDKLog         Initializing Spring embedded WebApplicationContext
22:34:57 [] [] [] [] INFO  erApplicationContext Root WebApplicationContext: initialization completed in 1465 ms
22:34:57 [] [] [] [] WARN  ameterNameDiscoverer Using deprecated '-debug' fallback for parameter name resolution. Compile the affected code with '-parameters' instead or avoid its introspection: io.zonky.test.db.config.EmbeddedDatabaseAutoConfiguration
22:34:57 [] [] [] [] INFO  ImageNameSubstitutor Image name substitution will be performed by: DefaultImageNameSubstitutor (composite of 'ConfigurationFileImageNameSubstitutor' and 'PrefixingImageNameSubstitutor')
22:34:58 [] [] [] [] INFO  ientProviderStrategy Loaded org.testcontainers.dockerclient.UnixSocketClientProviderStrategy from ~/.testcontainers.properties, will try it first
22:34:58 [] [] [] [] INFO  ientProviderStrategy Found Docker environment with local Unix socket (unix:///var/run/docker.sock)
22:34:58 [] [] [] [] INFO  DockerClientFactory  Docker host IP address is localhost
22:34:58 [] [] [] [] INFO  DockerClientFactory  Connected to docker: 
  Server Version: 23.0.5
  API Version: 1.42
  Operating System: Docker Desktop
  Total Memory: 7851 MB
22:34:58 [] [] [] [] INFO  GenericContainer     Creating container for image: testcontainers/ryuk:0.3.4
22:34:59 [] [] [] [] INFO  RegistryAuthLocator  Credential helper/store (docker-credential-desktop) does not have credentials for https://index.docker.io/v1/
22:34:59 [] [] [] [] INFO  GenericContainer     Container testcontainers/ryuk:0.3.4 is starting: 38faad21624330cafb11ef8b602b8813c1d4c080197bfeb4b29e69f1a92d38bc
22:34:59 [] [] [] [] INFO  GenericContainer     Container testcontainers/ryuk:0.3.4 started in PT0.951027S
22:34:59 [] [] [] [] INFO  RyukResourceReaper   Ryuk started - will monitor and terminate Testcontainers containers on JVM exit
22:34:59 [] [] [] [] INFO  DockerClientFactory  Checking the system...
22:34:59 [] [] [] [] INFO  DockerClientFactory  ✔︎ Docker server version should be at least 1.6.0
22:34:59 [] [] [] [] INFO  GenericContainer     Creating container for image: postgres:11-alpine
22:34:59 [] [] [] [] INFO  GenericContainer     Container postgres:11-alpine is starting: 273f8c5d2431924cb0b75f2bbf763ef338126e28df942bea1203019de1ec7a7b
22:35:00 [] [] [] [] INFO  GenericContainer     Container postgres:11-alpine started in PT1.271301S
22:35:00 [] [] [] [] INFO  Slf4jLogConsumer     STDOUT: The files belonging to this database system will be owned by user "postgres".
22:35:00 [] [] [] [] INFO  Slf4jLogConsumer     STDOUT: This user must also own the server process.
22:35:00 [] [] [] [] INFO  Slf4jLogConsumer     STDOUT: 
22:35:00 [] [] [] [] INFO  Slf4jLogConsumer     STDOUT: The database cluster will be initialized with locale "en_US.utf8".
22:35:00 [] [] [] [] INFO  Slf4jLogConsumer     STDOUT: The default database encoding has accordingly been set to "UTF8".
22:35:00 [] [] [] [] INFO  Slf4jLogConsumer     STDOUT: The default text search configuration will be set to "english".
22:35:00 [] [] [] [] INFO  Slf4jLogConsumer     STDOUT: 
22:35:00 [] [] [] [] INFO  Slf4jLogConsumer     STDOUT: Data page checksums are disabled.
22:35:00 [] [] [] [] INFO  Slf4jLogConsumer     STDOUT: 
22:35:00 [] [] [] [] INFO  Slf4jLogConsumer     STDOUT: fixing permissions on existing directory /var/lib/postgresql/data ... ok
22:35:00 [] [] [] [] INFO  Slf4jLogConsumer     STDOUT: creating subdirectories ... ok
22:35:00 [] [] [] [] INFO  Slf4jLogConsumer     STDOUT: selecting default max_connections ... 100
22:35:00 [] [] [] [] INFO  Slf4jLogConsumer     STDOUT: selecting default shared_buffers ... 128MB
22:35:00 [] [] [] [] INFO  Slf4jLogConsumer     STDOUT: selecting default timezone ... UTC
22:35:00 [] [] [] [] INFO  Slf4jLogConsumer     STDOUT: selecting dynamic shared memory implementation ... posix
22:35:00 [] [] [] [] INFO  Slf4jLogConsumer     STDOUT: creating configuration files ... ok
22:35:00 [] [] [] [] INFO  Slf4jLogConsumer     STDOUT: running bootstrap script ... ok
22:35:00 [] [] [] [] INFO  Slf4jLogConsumer     STDERR: sh: locale: not found
22:35:00 [] [] [] [] INFO  Slf4jLogConsumer     STDERR: 2023-06-02 03:35:00.069 UTC [30] WARNING:  no usable system locales were found
22:35:00 [] [] [] [] INFO  Slf4jLogConsumer     STDOUT: performing post-bootstrap initialization ... ok
22:35:00 [] [] [] [] INFO  Slf4jLogConsumer     STDOUT: 
22:35:00 [] [] [] [] INFO  Slf4jLogConsumer     STDOUT: Sync to disk skipped.
22:35:00 [] [] [] [] INFO  Slf4jLogConsumer     STDOUT: The data directory might become corrupt if the operating system crashes.
22:35:00 [] [] [] [] INFO  Slf4jLogConsumer     STDOUT: 
22:35:00 [] [] [] [] INFO  Slf4jLogConsumer     STDOUT: Success. You can now start the database server using:
22:35:00 [] [] [] [] INFO  Slf4jLogConsumer     STDOUT: 
22:35:00 [] [] [] [] INFO  Slf4jLogConsumer     STDOUT:     pg_ctl -D /var/lib/postgresql/data -l logfile start
22:35:00 [] [] [] [] INFO  Slf4jLogConsumer     STDOUT: 
22:35:00 [] [] [] [] INFO  Slf4jLogConsumer     STDERR: 
22:35:00 [] [] [] [] INFO  Slf4jLogConsumer     STDERR: WARNING: enabling "trust" authentication for local connections
22:35:00 [] [] [] [] INFO  Slf4jLogConsumer     STDERR: You can change this by editing pg_hba.conf or using the option -A, or
22:35:00 [] [] [] [] INFO  Slf4jLogConsumer     STDERR: --auth-local and --auth-host, the next time you run initdb.
22:35:00 [] [] [] [] INFO  Slf4jLogConsumer     STDOUT: waiting for server to start....2023-06-02 03:35:00.296 UTC [36] LOG:  listening on Unix socket "/var/run/postgresql/.s.PGSQL.5432"
22:35:00 [] [] [] [] INFO  Slf4jLogConsumer     STDOUT: 2023-06-02 03:35:00.307 UTC [37] LOG:  database system was shut down at 2023-06-02 03:35:00 UTC
22:35:00 [] [] [] [] INFO  Slf4jLogConsumer     STDOUT: 2023-06-02 03:35:00.310 UTC [36] LOG:  database system is ready to accept connections
22:35:00 [] [] [] [] INFO  Slf4jLogConsumer     STDOUT:  done
22:35:00 [] [] [] [] INFO  Slf4jLogConsumer     STDOUT: server started
22:35:00 [] [] [] [] INFO  Slf4jLogConsumer     STDOUT: CREATE DATABASE
22:35:00 [] [] [] [] INFO  Slf4jLogConsumer     STDOUT: 
22:35:00 [] [] [] [] INFO  Slf4jLogConsumer     STDOUT: 
22:35:00 [] [] [] [] INFO  Slf4jLogConsumer     STDOUT: /usr/local/bin/docker-entrypoint.sh: ignoring /docker-entrypoint-initdb.d/*
22:35:00 [] [] [] [] INFO  Slf4jLogConsumer     STDOUT: 
22:35:00 [] [] [] [] INFO  Slf4jLogConsumer     STDOUT: waiting for server to shut down....2023-06-02 03:35:00.647 UTC [36] LOG:  received fast shutdown request
22:35:00 [] [] [] [] INFO  Slf4jLogConsumer     STDOUT: 2023-06-02 03:35:00.647 UTC [36] LOG:  aborting any active transactions
22:35:00 [] [] [] [] INFO  Slf4jLogConsumer     STDOUT: 2023-06-02 03:35:00.652 UTC [36] LOG:  background worker "logical replication launcher" (PID 43) exited with exit code 1
22:35:00 [] [] [] [] INFO  Slf4jLogConsumer     STDOUT: 2023-06-02 03:35:00.652 UTC [38] LOG:  shutting down
22:35:00 [] [] [] [] INFO  Slf4jLogConsumer     STDOUT: 2023-06-02 03:35:00.668 UTC [36] LOG:  database system is shut down
22:35:00 [] [] [] [] INFO  Slf4jLogConsumer     STDOUT:  done
22:35:00 [] [] [] [] INFO  Slf4jLogConsumer     STDOUT: server stopped
22:35:00 [] [] [] [] INFO  Slf4jLogConsumer     STDOUT: 
22:35:00 [] [] [] [] INFO  Slf4jLogConsumer     STDOUT: PostgreSQL init process complete; ready for start up.
22:35:00 [] [] [] [] INFO  Slf4jLogConsumer     STDOUT: 
22:35:00 [] [] [] [] INFO  Slf4jLogConsumer     STDERR: 2023-06-02 03:35:00.773 UTC [1] LOG:  listening on IPv4 address "0.0.0.0", port 5432
22:35:00 [] [] [] [] INFO  Slf4jLogConsumer     STDERR: 2023-06-02 03:35:00.773 UTC [1] LOG:  listening on IPv6 address "::", port 5432
22:35:00 [] [] [] [] INFO  Slf4jLogConsumer     STDERR: 2023-06-02 03:35:00.773 UTC [1] LOG:  listening on Unix socket "/var/run/postgresql/.s.PGSQL.5432"
22:35:00 [] [] [] [] INFO  Slf4jLogConsumer     STDERR: 2023-06-02 03:35:00.798 UTC [51] LOG:  database system was shut down at 2023-06-02 03:35:00 UTC
22:35:00 [] [] [] [] INFO  Slf4jLogConsumer     STDERR: 2023-06-02 03:35:00.805 UTC [1] LOG:  database system is ready to accept connections
22:35:01 [] [] [] [] INFO  LogHelper            HHH000204: Processing PersistenceUnitInfo [name: default]
22:35:01 [] [] [] [] INFO  Version              HHH000412: Hibernate ORM core version 6.1.6.Final
22:35:01 [] [] [] [] WARN  aBuildingOptionsImpl HHH90000021: Encountered deprecated setting [javax.persistence.sharedCache.mode], use [jakarta.persistence.sharedCache.mode] instead
22:35:01 [] [] [] [] WARN  cutionContextManager FolioExecutionScope is not set up. Fallback to default FolioExecutionScope.
22:35:01 [] [] [] [] INFO  DialectFactoryImpl   HHH000400: Using dialect: org.hibernate.dialect.PostgreSQLDialect
22:35:02 [] [] [] [] INFO  JtaPlatformInitiator HHH000490: Using JtaPlatform implementation: [org.hibernate.engine.transaction.jta.platform.internal.NoJtaPlatform]
22:35:02 [] [] [] [] INFO  tyManagerFactoryBean Initialized JPA EntityManagerFactory for persistence unit 'default'
22:35:02 [] [] [] [] WARN  $JpaWebConfiguration spring.jpa.open-in-view is enabled by default. Therefore, database queries may be performed during view rendering. Explicitly configure spring.jpa.open-in-view to disable this warning
22:35:03 [] [] [] [] INFO  ndpointLinksResolver Exposing 1 endpoint(s) beneath base path '/admin'
22:35:03 [] [] [] [] INFO  DirectJDKLog         Starting ProtocolHandler ["http-nio-auto-1"]
22:35:03 [] [] [] [] INFO  TomcatWebServer      Tomcat started on port(s): 60459 (http) with context path ''
22:35:03 [] [] [] [] INFO  StartupInfoLogger    Started OkapiHealthTest in 8.374 seconds (process running for 9.833)
22:35:03 [] [] [] [] INFO  BaseApiTest          Posting class TenantAttributes {
    moduleFrom: null
    moduleTo: mod-training-sample
    purge: true
    parameters: null
} to /_/tenant
22:35:04 [] [] [] [] INFO  DirectJDKLog         Initializing Spring DispatcherServlet 'dispatcherServlet'
22:35:04 [] [] [] [] INFO  FrameworkServlet     Initializing Servlet 'dispatcherServlet'
22:35:04 [] [] [] [] INFO  FrameworkServlet     Completed initialization in 1 ms
22:35:04 [] [test] [] [mod-training-sample] INFO  TenantController     Upgrading tenant...
22:35:04 [] [test] [] [mod-training-sample] INFO  TenantService        About to start liquibase update for tenant [test]
22:35:04 [] [test] [] [mod-training-sample] INFO  Slf4jLogConsumer     STDERR: 2023-06-02 03:35:04.423 UTC [62] ERROR:  relation "test_mod_training_sample.databasechangeloglock" does not exist at character 22
22:35:04 [] [test] [] [mod-training-sample] INFO  Slf4jLogConsumer     STDERR: 2023-06-02 03:35:04.423 UTC [62] STATEMENT:  SELECT COUNT(*) FROM test_mod_training_sample.databasechangeloglock
22:35:04 [] [test] [] [mod-training-sample] INFO  JavaLogger           Successfully acquired change log lock
22:35:04 [] [test] [] [mod-training-sample] INFO  JavaLogger           Reading resource: db/changes/0000-create-book-table.yaml
22:35:04 [] [test] [] [mod-training-sample] INFO  JavaLogger           Creating database history table with name: test_mod_training_sample.databasechangelog
22:35:04 [] [test] [] [mod-training-sample] INFO  JavaLogger           Reading from test_mod_training_sample.databasechangelog
Running Changeset: db/changes/0000-create-book-table.yaml::0000-create-book-table::ncovercash
22:35:04 [] [test] [] [mod-training-sample] INFO  JavaLogger           Table books created
22:35:04 [] [test] [] [mod-training-sample] INFO  JavaLogger           ChangeSet db/changes/0000-create-book-table.yaml::0000-create-book-table::ncovercash ran successfully in 12ms
22:35:04 [] [test] [] [mod-training-sample] INFO  JavaLogger           Successfully released change log lock
22:35:04 [] [test] [] [mod-training-sample] INFO  TenantService        Liquibase update for tenant [test] executed successfully
22:35:04 [] [] [] [] INFO  ddedDatabaseReporter JDBC URL to connect to 'dataSource': url='jdbc:postgresql://localhost:60453/eepxmbmutcbm?stringtype=unspecified?user=postgres&password=docker', scope='OkapiHealthTest#testOkStatusReport'
22:35:04 [] [] [] [] INFO  BaseApiTest          Posting class TenantAttributes {
    moduleFrom: mod-training-sample
    moduleTo: null
    purge: true
    parameters: null
} to /_/tenant
22:35:04 [] [test] [] [mod-training-sample] INFO  TenantController     Disabling tenant...
22:35:04 [] [test] [] [mod-training-sample] INFO  TenantService        Removing [test] tenant...
]]></system-out>
  </testcase>
</testsuite>